{
  "stats": {
    "suites": 4,
    "tests": 8,
    "passes": 8,
    "pending": 0,
    "failures": 0,
    "start": "2018-10-30T23:47:56.414Z",
    "end": "2018-10-30T23:47:57.487Z",
    "duration": 1073,
    "testsRegistered": 8,
    "passPercent": 100,
    "pendingPercent": 0,
    "other": 0,
    "hasOther": false,
    "skipped": 0,
    "hasSkipped": false,
    "passPercentClass": "success",
    "pendingPercentClass": "danger"
  },
  "suites": {
    "uuid": "fd86986e-7b24-48ed-b500-c94ab9b6c928",
    "title": "",
    "fullFile": "",
    "file": "",
    "beforeHooks": [],
    "afterHooks": [],
    "tests": [],
    "suites": [
      {
        "uuid": "0cc2fd77-471b-4e33-9a95-876c8bc067a7",
        "title": "POST Request",
        "fullFile": "/Users/fs/Desktop/WebPanelAdministracionBack/test/create_narrative.js",
        "file": "/test/create_narrative.js",
        "beforeHooks": [],
        "afterHooks": [],
        "tests": [
          {
            "title": "makes a POST call ",
            "fullTitle": "POST Request makes a POST call ",
            "timedOut": false,
            "duration": 308,
            "state": "passed",
            "speed": "slow",
            "pass": true,
            "fail": false,
            "pending": false,
            "code": "post_resp = await baseURL.post(narrative)\n.type('form')\n.send({\n        \"audio_path\": \"src/audio1.mp3\",\n        \"description\": \"abababababababbabababababababbabababababababbababababqbabqbbqbbqbqbabbababababqabababababababab\"\n})\n.set('Accept','/application/\\json/');\nawait (console.log(post_resp.body));",
            "err": {},
            "isRoot": false,
            "uuid": "5d05edf9-e341-4017-84e7-8c066dc992ab",
            "isHook": false,
            "skipped": false
          }
        ],
        "suites": [],
        "passes": [
          "5d05edf9-e341-4017-84e7-8c066dc992ab"
        ],
        "failures": [],
        "pending": [],
        "skipped": [],
        "duration": 308,
        "root": false,
        "rootEmpty": false,
        "_timeout": 2000
      },
      {
        "uuid": "4f97394f-cb60-49dc-a85f-202e9fa36b0d",
        "title": "DELETE Request",
        "fullFile": "/Users/fs/Desktop/WebPanelAdministracionBack/test/delete_narrative.js",
        "file": "/test/delete_narrative.js",
        "beforeHooks": [],
        "afterHooks": [],
        "tests": [
          {
            "title": "makes a delete call ",
            "fullTitle": "DELETE Request makes a delete call ",
            "timedOut": false,
            "duration": 248,
            "state": "passed",
            "speed": "slow",
            "pass": true,
            "fail": false,
            "pending": false,
            "code": "del_resp = await baseURL.delete(narrative);\nawait (console.log(del_resp.body));",
            "err": {},
            "isRoot": false,
            "uuid": "ecd9d4f8-4176-4bca-b03c-8a78b8ac9c48",
            "isHook": false,
            "skipped": false
          },
          {
            "title": "asserts that the response code is 204",
            "fullTitle": "DELETE Request asserts that the response code is 204",
            "timedOut": false,
            "duration": 2,
            "state": "passed",
            "speed": "fast",
            "pass": true,
            "fail": false,
            "pending": false,
            "code": "await (expect(del_resp.status).to.eql(204));",
            "err": {},
            "isRoot": false,
            "uuid": "fc1207b1-5df9-4dfb-bfbe-fe75b522f707",
            "isHook": false,
            "skipped": false
          }
        ],
        "suites": [],
        "passes": [
          "ecd9d4f8-4176-4bca-b03c-8a78b8ac9c48",
          "fc1207b1-5df9-4dfb-bfbe-fe75b522f707"
        ],
        "failures": [],
        "pending": [],
        "skipped": [],
        "duration": 250,
        "root": false,
        "rootEmpty": false,
        "_timeout": 2000
      },
      {
        "uuid": "b1761c7f-90fa-40b8-8ae9-7bf3f91e9f91",
        "title": "First Request to Get Narratives",
        "fullFile": "/Users/fs/Desktop/WebPanelAdministracionBack/test/read_narrative.js",
        "file": "/test/read_narrative.js",
        "beforeHooks": [],
        "afterHooks": [],
        "tests": [
          {
            "title": "See Response",
            "fullTitle": "First Request to Get Narratives See Response",
            "timedOut": false,
            "duration": 253,
            "state": "passed",
            "speed": "slow",
            "pass": true,
            "fail": false,
            "pending": false,
            "code": "res = await baseURL.get(narrative); //Sending the GET request\nconsole.log(res.body);",
            "err": {},
            "isRoot": false,
            "uuid": "0e849765-3d00-4f91-bc6a-3fe10dc243d7",
            "isHook": false,
            "skipped": false
          },
          {
            "title": "checks that the response was OK",
            "fullTitle": "First Request to Get Narratives checks that the response was OK",
            "timedOut": false,
            "duration": 0,
            "state": "passed",
            "speed": "fast",
            "pass": true,
            "fail": false,
            "pending": false,
            "code": "await (expect(res.status).to.equal(200));",
            "err": {},
            "isRoot": false,
            "uuid": "31b17db5-1f66-42e4-a3d4-f9838ef47f8e",
            "isHook": false,
            "skipped": false
          },
          {
            "title": "prints length of data array",
            "fullTitle": "First Request to Get Narratives prints length of data array",
            "timedOut": false,
            "duration": 0,
            "state": "passed",
            "speed": "fast",
            "pass": true,
            "fail": false,
            "pending": false,
            "code": "await (console.log(res.body.data.length));",
            "err": {},
            "isRoot": false,
            "uuid": "6a671d01-e7ec-451a-8064-07dcaccdf3e5",
            "isHook": false,
            "skipped": false
          },
          {
            "title": "gets the id from the array",
            "fullTitle": "First Request to Get Narratives gets the id from the array",
            "timedOut": false,
            "duration": 0,
            "state": "passed",
            "speed": "fast",
            "pass": true,
            "fail": false,
            "pending": false,
            "code": "for(let i=0;i<res.body.data.length;i++){\n   await(console.log(res.body.data[i].id));\n}",
            "err": {},
            "isRoot": false,
            "uuid": "71fdcafc-d651-4659-a798-f9d61a2e52f2",
            "isHook": false,
            "skipped": false
          }
        ],
        "suites": [],
        "passes": [
          "0e849765-3d00-4f91-bc6a-3fe10dc243d7",
          "31b17db5-1f66-42e4-a3d4-f9838ef47f8e",
          "6a671d01-e7ec-451a-8064-07dcaccdf3e5",
          "71fdcafc-d651-4659-a798-f9d61a2e52f2"
        ],
        "failures": [],
        "pending": [],
        "skipped": [],
        "duration": 253,
        "root": false,
        "rootEmpty": false,
        "_timeout": 2000
      },
      {
        "uuid": "b18b31d2-bc14-4c3a-9503-7375e8d02d05",
        "title": "PUT Request",
        "fullFile": "/Users/fs/Desktop/WebPanelAdministracionBack/test/update_narrative.js",
        "file": "/test/update_narrative.js",
        "beforeHooks": [],
        "afterHooks": [],
        "tests": [
          {
            "title": "makes a POST call ",
            "fullTitle": "PUT Request makes a POST call ",
            "timedOut": false,
            "duration": 250,
            "state": "passed",
            "speed": "slow",
            "pass": true,
            "fail": false,
            "pending": false,
            "code": "put_resp = await baseURL.put(narrative)\n    .type('form')\n    .send({\n        \"audio_path\": \"this is an audio path\",\n        \"description\": \"ababbabadfjfbasklbksbfekfbalsejfakefaskeufbskefabsefjyasefjbfkjhsebakjehfbaksjehfwjef\"\n    })\n    .set('Accept', '/application/\\json/');\nawait (console.log(put_resp.body));",
            "err": {},
            "isRoot": false,
            "uuid": "a0243200-1f08-4015-a347-2ff4cd4222fe",
            "isHook": false,
            "skipped": false
          }
        ],
        "suites": [],
        "passes": [
          "a0243200-1f08-4015-a347-2ff4cd4222fe"
        ],
        "failures": [],
        "pending": [],
        "skipped": [],
        "duration": 250,
        "root": false,
        "rootEmpty": false,
        "_timeout": 2000
      }
    ],
    "passes": [],
    "failures": [],
    "pending": [],
    "skipped": [],
    "duration": 0,
    "root": true,
    "rootEmpty": true,
    "_timeout": 2000
  },
  "copyrightYear": 2018
}