{
  "stats": {
    "suites": 36,
    "tests": 72,
    "passes": 72,
    "pending": 0,
    "failures": 0,
    "start": "2018-10-31T18:04:36.450Z",
    "end": "2018-10-31T18:04:45.522Z",
    "duration": 9072,
    "testsRegistered": 72,
    "passPercent": 100,
    "pendingPercent": 0,
    "other": 0,
    "hasOther": false,
    "skipped": 0,
    "hasSkipped": false,
    "passPercentClass": "success",
    "pendingPercentClass": "danger"
  },
  "suites": {
    "uuid": "d754f62a-f5d1-44ea-a61e-6528b7adac9a",
    "title": "",
    "fullFile": "",
    "file": "",
    "beforeHooks": [],
    "afterHooks": [],
    "tests": [],
    "suites": [
      {
        "uuid": "1b50c44a-c2e3-4642-9fea-7a0f49609b1e",
        "title": "POST Request",
        "fullFile": "/Users/fs/Desktop/WebPanelAdministracionBack/test/create_company.js",
        "file": "/test/create_company.js",
        "beforeHooks": [],
        "afterHooks": [],
        "tests": [
          {
            "title": "makes a POST call ",
            "fullTitle": "POST Request makes a POST call ",
            "timedOut": false,
            "duration": 422,
            "state": "passed",
            "speed": "slow",
            "pass": true,
            "fail": false,
            "pending": false,
            "code": "post_resp = await baseURL.post(company)\n.type('form')\n.send({\n        \"name\": \"Estrella Roja\",\n        \"full_name\": \"Estrella Roja S.A. de C.V.\",\n        \"phone_number\": \"1234545677\",\n        \"street\": \"Calle Calleros\",\n        \"postal_coce\": \"72777\",\n        \"rfc\": \"h23r09hv29h3209hhj\",\n        \"ieps\": \"10\",\n        \"iva\": \".16\",\n        \"latitude\": \"20.348972\",\n        \"longitude\": \"-34.497203984\",\n})\n.set('Accept','/application/\\json/');\nawait (console.log(post_resp.body));",
            "err": {},
            "isRoot": false,
            "uuid": "522dfaa6-d7d9-4d7e-80c9-bf2af4a0918e",
            "isHook": false,
            "skipped": false
          }
        ],
        "suites": [],
        "passes": [
          "522dfaa6-d7d9-4d7e-80c9-bf2af4a0918e"
        ],
        "failures": [],
        "pending": [],
        "skipped": [],
        "duration": 422,
        "root": false,
        "rootEmpty": false,
        "_timeout": 2000
      },
      {
        "uuid": "d3c2f99e-6b10-4de9-815d-ad3f81719d7b",
        "title": "POST Request",
        "fullFile": "/Users/fs/Desktop/WebPanelAdministracionBack/test/create_narrative.js",
        "file": "/test/create_narrative.js",
        "beforeHooks": [],
        "afterHooks": [],
        "tests": [
          {
            "title": "makes a POST call ",
            "fullTitle": "POST Request makes a POST call ",
            "timedOut": false,
            "duration": 253,
            "state": "passed",
            "speed": "slow",
            "pass": true,
            "fail": false,
            "pending": false,
            "code": "post_resp = await baseURL.post(narrative)\n.type('form')\n.send({\n        \"audio_path\": \"src/audio1.mp3\",\n        \"description\": \"abababababababbabababababababbabababababababbababababqbabqbbqbbqbqbabbababababqabababababababab\"\n})\n.set('Accept','/application/\\json/');\nawait (console.log(post_resp.body));",
            "err": {},
            "isRoot": false,
            "uuid": "26afc5ad-f6b6-4d1a-a5f3-652a9dac8eee",
            "isHook": false,
            "skipped": false
          }
        ],
        "suites": [],
        "passes": [
          "26afc5ad-f6b6-4d1a-a5f3-652a9dac8eee"
        ],
        "failures": [],
        "pending": [],
        "skipped": [],
        "duration": 253,
        "root": false,
        "rootEmpty": false,
        "_timeout": 2000
      },
      {
        "uuid": "9a9e5cd8-8117-449c-8d32-0f669f700d51",
        "title": "POST Request",
        "fullFile": "/Users/fs/Desktop/WebPanelAdministracionBack/test/create_place.js",
        "file": "/test/create_place.js",
        "beforeHooks": [],
        "afterHooks": [],
        "tests": [
          {
            "title": "makes a POST call ",
            "fullTitle": "POST Request makes a POST call ",
            "timedOut": false,
            "duration": 301,
            "state": "passed",
            "speed": "slow",
            "pass": true,
            "fail": false,
            "pending": false,
            "code": "post_resp = await baseURL.post(place)\n.type('form')\n.send({\n        \"place_type_id\": \"1\",\n        \"narrative_id\": \"1\",\n        \"name\": \"catedral\",\n        \"longitude\": \"0\",\n        \"latitude\": \"0\",\n        \"description\": \"la catedral mas pro de mexico\"\n})\n.set('Accept','/application/\\json/');\nawait (console.log(post_resp.body));",
            "err": {},
            "isRoot": false,
            "uuid": "3291cf5c-1543-4e60-933e-18833d8b4a6c",
            "isHook": false,
            "skipped": false
          }
        ],
        "suites": [],
        "passes": [
          "3291cf5c-1543-4e60-933e-18833d8b4a6c"
        ],
        "failures": [],
        "pending": [],
        "skipped": [],
        "duration": 301,
        "root": false,
        "rootEmpty": false,
        "_timeout": 2000
      },
      {
        "uuid": "47797905-a8fe-46a7-9cd1-28476856583d",
        "title": "POST Request",
        "fullFile": "/Users/fs/Desktop/WebPanelAdministracionBack/test/create_place_type.js",
        "file": "/test/create_place_type.js",
        "beforeHooks": [],
        "afterHooks": [],
        "tests": [
          {
            "title": "makes a POST call ",
            "fullTitle": "POST Request makes a POST call ",
            "timedOut": false,
            "duration": 224,
            "state": "passed",
            "speed": "slow",
            "pass": true,
            "fail": false,
            "pending": false,
            "code": "post_resp = await baseURL.post(place_type)\n.type('form')\n.send({\n        \"name\": \"recomendacion\"\n})\n.set('Accept','/application/\\json/');\nawait (console.log(post_resp.body));",
            "err": {},
            "isRoot": false,
            "uuid": "458f8479-47bc-4e7a-a3ec-87e485705e78",
            "isHook": false,
            "skipped": false
          }
        ],
        "suites": [],
        "passes": [
          "458f8479-47bc-4e7a-a3ec-87e485705e78"
        ],
        "failures": [],
        "pending": [],
        "skipped": [],
        "duration": 224,
        "root": false,
        "rootEmpty": false,
        "_timeout": 2000
      },
      {
        "uuid": "99058b51-2375-4976-8595-8a55812b8d9f",
        "title": "POST Request",
        "fullFile": "/Users/fs/Desktop/WebPanelAdministracionBack/test/create_price.js",
        "file": "/test/create_price.js",
        "beforeHooks": [],
        "afterHooks": [],
        "tests": [
          {
            "title": "makes a POST call ",
            "fullTitle": "POST Request makes a POST call ",
            "timedOut": false,
            "duration": 256,
            "state": "passed",
            "speed": "slow",
            "pass": true,
            "fail": false,
            "pending": false,
            "code": "post_resp = await baseURL.post(price)\n.type('form')\n.send({\n        \"ticket_type_id\": \"1\",\n        \"tour_id\": \"1\",\n        \"amount\": \"10\"\n})\n.set('Accept','/application/\\json/');\nawait (console.log(post_resp.body));",
            "err": {},
            "isRoot": false,
            "uuid": "3d6ed982-1dfc-4402-9e63-c3c64ca8545c",
            "isHook": false,
            "skipped": false
          }
        ],
        "suites": [],
        "passes": [
          "3d6ed982-1dfc-4402-9e63-c3c64ca8545c"
        ],
        "failures": [],
        "pending": [],
        "skipped": [],
        "duration": 256,
        "root": false,
        "rootEmpty": false,
        "_timeout": 2000
      },
      {
        "uuid": "35649ddd-749d-4cd0-917a-f37c4591ed54",
        "title": "POST Request",
        "fullFile": "/Users/fs/Desktop/WebPanelAdministracionBack/test/create_purchase.js",
        "file": "/test/create_purchase.js",
        "beforeHooks": [],
        "afterHooks": [],
        "tests": [
          {
            "title": "makes a POST call ",
            "fullTitle": "POST Request makes a POST call ",
            "timedOut": false,
            "duration": 251,
            "state": "passed",
            "speed": "slow",
            "pass": true,
            "fail": false,
            "pending": false,
            "code": "post_resp = await baseURL.post(purchase)\n.type('form')\n.send({\n        \"company_id\": \"1\",\n        \"user_id\": \"1\",\n        \"sub_total\": \"10\",\n        \"total\": \"100\"\n})\n.set('Accept','/application/\\json/');\nawait (console.log(post_resp.body));",
            "err": {},
            "isRoot": false,
            "uuid": "a30e6666-86a1-411f-b184-01cd67346a97",
            "isHook": false,
            "skipped": false
          }
        ],
        "suites": [],
        "passes": [
          "a30e6666-86a1-411f-b184-01cd67346a97"
        ],
        "failures": [],
        "pending": [],
        "skipped": [],
        "duration": 251,
        "root": false,
        "rootEmpty": false,
        "_timeout": 2000
      },
      {
        "uuid": "05c30736-6259-4acb-9030-260de6ab5d56",
        "title": "POST Request",
        "fullFile": "/Users/fs/Desktop/WebPanelAdministracionBack/test/create_ticket.js",
        "file": "/test/create_ticket.js",
        "beforeHooks": [],
        "afterHooks": [],
        "tests": [
          {
            "title": "makes a POST call ",
            "fullTitle": "POST Request makes a POST call ",
            "timedOut": false,
            "duration": 262,
            "state": "passed",
            "speed": "slow",
            "pass": true,
            "fail": false,
            "pending": false,
            "code": "post_resp = await baseURL.post(ticket)\n.type('form')\n.send({\n        \"purchase_id\": \"1\",\n        \"price_id\": \"1\",\n        \"client_name\": \"Choko\",\n        \"client_last_name\": \"Man\",\n        \"client_age\": \"10\",\n        \"tour_date\": \"1/12/2018\",\n        \"qr_code\": \"qrcodegen/api/usr=?ea\",\n        \"total\": \"100.0\"\n})\n.set('Accept','/application/\\json/');\nawait (console.log(post_resp.body));",
            "err": {},
            "isRoot": false,
            "uuid": "1e628fba-8187-418c-8b15-40249d2fd493",
            "isHook": false,
            "skipped": false
          }
        ],
        "suites": [],
        "passes": [
          "1e628fba-8187-418c-8b15-40249d2fd493"
        ],
        "failures": [],
        "pending": [],
        "skipped": [],
        "duration": 262,
        "root": false,
        "rootEmpty": false,
        "_timeout": 2000
      },
      {
        "uuid": "236020f2-1021-404e-b847-be7782ff7fe4",
        "title": "POST Request",
        "fullFile": "/Users/fs/Desktop/WebPanelAdministracionBack/test/create_ticket_type.js",
        "file": "/test/create_ticket_type.js",
        "beforeHooks": [],
        "afterHooks": [],
        "tests": [
          {
            "title": "makes a POST call ",
            "fullTitle": "POST Request makes a POST call ",
            "timedOut": false,
            "duration": 247,
            "state": "passed",
            "speed": "slow",
            "pass": true,
            "fail": false,
            "pending": false,
            "code": "post_resp = await baseURL.post(ticket_type)\n.type('form')\n.send({\n        \"name\": \"adulto\"\n})\n.set('Accept','/application/\\json/');\nawait (console.log(post_resp.body));",
            "err": {},
            "isRoot": false,
            "uuid": "f3e4d916-4725-4c21-b69d-ef56b2ac440b",
            "isHook": false,
            "skipped": false
          }
        ],
        "suites": [],
        "passes": [
          "f3e4d916-4725-4c21-b69d-ef56b2ac440b"
        ],
        "failures": [],
        "pending": [],
        "skipped": [],
        "duration": 247,
        "root": false,
        "rootEmpty": false,
        "_timeout": 2000
      },
      {
        "uuid": "6951d8c7-4f5a-4269-9140-991228e30261",
        "title": "POST Request",
        "fullFile": "/Users/fs/Desktop/WebPanelAdministracionBack/test/create_user.js",
        "file": "/test/create_user.js",
        "beforeHooks": [],
        "afterHooks": [],
        "tests": [
          {
            "title": "makes a POST call ",
            "fullTitle": "POST Request makes a POST call ",
            "timedOut": false,
            "duration": 247,
            "state": "passed",
            "speed": "slow",
            "pass": true,
            "fail": false,
            "pending": false,
            "code": "post_resp = await baseURL.post(user)\n.type('form')\n.send({\n        \"user_type\": \"administrator\",\n        \"name\": \"Rayu\",\n        \"last_name\": \"Amin\",\n        \"email\": \"rayu@er.com\",\n        \"birthdate\": \"1/1/1980\",\n        \"password\": \"bimbo\",\n        \"postal_code\": \"77777\",\n        \"phone_number\": \"2222121212\"\n})\n.set('Accept','/application/\\json/');\nawait (console.log(post_resp.body));",
            "err": {},
            "isRoot": false,
            "uuid": "a62eac0a-29fc-496b-81ea-cb5a3d7be281",
            "isHook": false,
            "skipped": false
          }
        ],
        "suites": [],
        "passes": [
          "a62eac0a-29fc-496b-81ea-cb5a3d7be281"
        ],
        "failures": [],
        "pending": [],
        "skipped": [],
        "duration": 247,
        "root": false,
        "rootEmpty": false,
        "_timeout": 2000
      },
      {
        "uuid": "77920184-3e40-48b6-8793-1e20826973a1",
        "title": "DELETE Request",
        "fullFile": "/Users/fs/Desktop/WebPanelAdministracionBack/test/delete_company.js",
        "file": "/test/delete_company.js",
        "beforeHooks": [],
        "afterHooks": [],
        "tests": [
          {
            "title": "makes a delete call ",
            "fullTitle": "DELETE Request makes a delete call ",
            "timedOut": false,
            "duration": 281,
            "state": "passed",
            "speed": "slow",
            "pass": true,
            "fail": false,
            "pending": false,
            "code": "del_resp = await baseURL.delete(company);\nawait (console.log(del_resp.body));",
            "err": {},
            "isRoot": false,
            "uuid": "694193c6-d246-41fa-8ce4-065a277b5c45",
            "isHook": false,
            "skipped": false
          },
          {
            "title": "asserts that the response code is 204",
            "fullTitle": "DELETE Request asserts that the response code is 204",
            "timedOut": false,
            "duration": 2,
            "state": "passed",
            "speed": "fast",
            "pass": true,
            "fail": false,
            "pending": false,
            "code": "await (expect(del_resp.status).to.eql(204));",
            "err": {},
            "isRoot": false,
            "uuid": "bb605131-d3df-4057-ac63-923ba0b70e14",
            "isHook": false,
            "skipped": false
          }
        ],
        "suites": [],
        "passes": [
          "694193c6-d246-41fa-8ce4-065a277b5c45",
          "bb605131-d3df-4057-ac63-923ba0b70e14"
        ],
        "failures": [],
        "pending": [],
        "skipped": [],
        "duration": 283,
        "root": false,
        "rootEmpty": false,
        "_timeout": 2000
      },
      {
        "uuid": "bc6f1035-115a-4ef9-a3e7-17430f089269",
        "title": "DELETE Request",
        "fullFile": "/Users/fs/Desktop/WebPanelAdministracionBack/test/delete_narrative.js",
        "file": "/test/delete_narrative.js",
        "beforeHooks": [],
        "afterHooks": [],
        "tests": [
          {
            "title": "makes a delete call ",
            "fullTitle": "DELETE Request makes a delete call ",
            "timedOut": false,
            "duration": 262,
            "state": "passed",
            "speed": "slow",
            "pass": true,
            "fail": false,
            "pending": false,
            "code": "del_resp = await baseURL.delete(narrative);\nawait (console.log(del_resp.body));",
            "err": {},
            "isRoot": false,
            "uuid": "ef3df167-6b2f-4888-9f0c-25d786f66003",
            "isHook": false,
            "skipped": false
          },
          {
            "title": "asserts that the response code is 204",
            "fullTitle": "DELETE Request asserts that the response code is 204",
            "timedOut": false,
            "duration": 0,
            "state": "passed",
            "speed": "fast",
            "pass": true,
            "fail": false,
            "pending": false,
            "code": "await (expect(del_resp.status).to.eql(204));",
            "err": {},
            "isRoot": false,
            "uuid": "e786d579-bad6-4361-ae33-1da3f2e93a9f",
            "isHook": false,
            "skipped": false
          }
        ],
        "suites": [],
        "passes": [
          "ef3df167-6b2f-4888-9f0c-25d786f66003",
          "e786d579-bad6-4361-ae33-1da3f2e93a9f"
        ],
        "failures": [],
        "pending": [],
        "skipped": [],
        "duration": 262,
        "root": false,
        "rootEmpty": false,
        "_timeout": 2000
      },
      {
        "uuid": "4c29585c-5518-4e80-a4ed-720497c79062",
        "title": "DELETE Request",
        "fullFile": "/Users/fs/Desktop/WebPanelAdministracionBack/test/delete_place.js",
        "file": "/test/delete_place.js",
        "beforeHooks": [],
        "afterHooks": [],
        "tests": [
          {
            "title": "makes a delete call ",
            "fullTitle": "DELETE Request makes a delete call ",
            "timedOut": false,
            "duration": 206,
            "state": "passed",
            "speed": "slow",
            "pass": true,
            "fail": false,
            "pending": false,
            "code": "del_resp = await baseURL.delete(place);\nawait (console.log(del_resp.body));",
            "err": {},
            "isRoot": false,
            "uuid": "c3a345e2-c7d3-4227-b65e-3a4d19ef636b",
            "isHook": false,
            "skipped": false
          },
          {
            "title": "asserts that the response code is 204",
            "fullTitle": "DELETE Request asserts that the response code is 204",
            "timedOut": false,
            "duration": 0,
            "state": "passed",
            "speed": "fast",
            "pass": true,
            "fail": false,
            "pending": false,
            "code": "await (expect(del_resp.status).to.eql(204));",
            "err": {},
            "isRoot": false,
            "uuid": "cbbdd5d3-38f2-4f36-8e28-4397f8092ee5",
            "isHook": false,
            "skipped": false
          }
        ],
        "suites": [],
        "passes": [
          "c3a345e2-c7d3-4227-b65e-3a4d19ef636b",
          "cbbdd5d3-38f2-4f36-8e28-4397f8092ee5"
        ],
        "failures": [],
        "pending": [],
        "skipped": [],
        "duration": 206,
        "root": false,
        "rootEmpty": false,
        "_timeout": 2000
      },
      {
        "uuid": "3a6126c0-8938-4cf4-bc87-27adc9d6ce52",
        "title": "DELETE Request",
        "fullFile": "/Users/fs/Desktop/WebPanelAdministracionBack/test/delete_place_type.js",
        "file": "/test/delete_place_type.js",
        "beforeHooks": [],
        "afterHooks": [],
        "tests": [
          {
            "title": "makes a delete call ",
            "fullTitle": "DELETE Request makes a delete call ",
            "timedOut": false,
            "duration": 246,
            "state": "passed",
            "speed": "slow",
            "pass": true,
            "fail": false,
            "pending": false,
            "code": "del_resp = await baseURL.delete(place_type);\nawait (console.log(del_resp.body));",
            "err": {},
            "isRoot": false,
            "uuid": "0e45829e-0c32-446f-bb0b-a1b3e9eb9f31",
            "isHook": false,
            "skipped": false
          },
          {
            "title": "asserts that the response code is 204",
            "fullTitle": "DELETE Request asserts that the response code is 204",
            "timedOut": false,
            "duration": 0,
            "state": "passed",
            "speed": "fast",
            "pass": true,
            "fail": false,
            "pending": false,
            "code": "await (expect(del_resp.status).to.eql(204));",
            "err": {},
            "isRoot": false,
            "uuid": "b791e30e-46d7-4029-a1ca-cc4f80c9b097",
            "isHook": false,
            "skipped": false
          }
        ],
        "suites": [],
        "passes": [
          "0e45829e-0c32-446f-bb0b-a1b3e9eb9f31",
          "b791e30e-46d7-4029-a1ca-cc4f80c9b097"
        ],
        "failures": [],
        "pending": [],
        "skipped": [],
        "duration": 246,
        "root": false,
        "rootEmpty": false,
        "_timeout": 2000
      },
      {
        "uuid": "878e660f-f8f3-4b08-98b5-491a6128e122",
        "title": "DELETE Request",
        "fullFile": "/Users/fs/Desktop/WebPanelAdministracionBack/test/delete_price.js",
        "file": "/test/delete_price.js",
        "beforeHooks": [],
        "afterHooks": [],
        "tests": [
          {
            "title": "makes a delete call ",
            "fullTitle": "DELETE Request makes a delete call ",
            "timedOut": false,
            "duration": 263,
            "state": "passed",
            "speed": "slow",
            "pass": true,
            "fail": false,
            "pending": false,
            "code": "del_resp = await baseURL.delete(price);\nawait (console.log(del_resp.body));",
            "err": {},
            "isRoot": false,
            "uuid": "aa6461dd-ba8d-4d68-a869-996acdf1606d",
            "isHook": false,
            "skipped": false
          },
          {
            "title": "asserts that the response code is 204",
            "fullTitle": "DELETE Request asserts that the response code is 204",
            "timedOut": false,
            "duration": 1,
            "state": "passed",
            "speed": "fast",
            "pass": true,
            "fail": false,
            "pending": false,
            "code": "await (expect(del_resp.status).to.eql(204));",
            "err": {},
            "isRoot": false,
            "uuid": "fb407ec2-9ad4-4b47-a50f-f072a7e7c6ef",
            "isHook": false,
            "skipped": false
          }
        ],
        "suites": [],
        "passes": [
          "aa6461dd-ba8d-4d68-a869-996acdf1606d",
          "fb407ec2-9ad4-4b47-a50f-f072a7e7c6ef"
        ],
        "failures": [],
        "pending": [],
        "skipped": [],
        "duration": 264,
        "root": false,
        "rootEmpty": false,
        "_timeout": 2000
      },
      {
        "uuid": "013f4b59-1600-4b4f-b10f-dce84fca684a",
        "title": "DELETE Request",
        "fullFile": "/Users/fs/Desktop/WebPanelAdministracionBack/test/delete_purchase.js",
        "file": "/test/delete_purchase.js",
        "beforeHooks": [],
        "afterHooks": [],
        "tests": [
          {
            "title": "makes a delete call ",
            "fullTitle": "DELETE Request makes a delete call ",
            "timedOut": false,
            "duration": 293,
            "state": "passed",
            "speed": "slow",
            "pass": true,
            "fail": false,
            "pending": false,
            "code": "del_resp = await baseURL.delete(purchase);\nawait (console.log(del_resp.body));",
            "err": {},
            "isRoot": false,
            "uuid": "81d9f8b6-b0ba-4679-ad18-cda135bcb031",
            "isHook": false,
            "skipped": false
          },
          {
            "title": "asserts that the response code is 204",
            "fullTitle": "DELETE Request asserts that the response code is 204",
            "timedOut": false,
            "duration": 0,
            "state": "passed",
            "speed": "fast",
            "pass": true,
            "fail": false,
            "pending": false,
            "code": "await (expect(del_resp.status).to.eql(204));",
            "err": {},
            "isRoot": false,
            "uuid": "b5853bea-e5d9-4774-9edd-a4156b135af6",
            "isHook": false,
            "skipped": false
          }
        ],
        "suites": [],
        "passes": [
          "81d9f8b6-b0ba-4679-ad18-cda135bcb031",
          "b5853bea-e5d9-4774-9edd-a4156b135af6"
        ],
        "failures": [],
        "pending": [],
        "skipped": [],
        "duration": 293,
        "root": false,
        "rootEmpty": false,
        "_timeout": 2000
      },
      {
        "uuid": "46f17e63-de4e-41a3-927c-17bd4dd8c2cb",
        "title": "DELETE Request",
        "fullFile": "/Users/fs/Desktop/WebPanelAdministracionBack/test/delete_ticket.js",
        "file": "/test/delete_ticket.js",
        "beforeHooks": [],
        "afterHooks": [],
        "tests": [
          {
            "title": "makes a delete call ",
            "fullTitle": "DELETE Request makes a delete call ",
            "timedOut": false,
            "duration": 263,
            "state": "passed",
            "speed": "slow",
            "pass": true,
            "fail": false,
            "pending": false,
            "code": "del_resp = await baseURL.delete(ticket);\nawait (console.log(del_resp.body));",
            "err": {},
            "isRoot": false,
            "uuid": "68c9f497-1851-4216-86ed-8c93da589d68",
            "isHook": false,
            "skipped": false
          },
          {
            "title": "asserts that the response code is 204",
            "fullTitle": "DELETE Request asserts that the response code is 204",
            "timedOut": false,
            "duration": 1,
            "state": "passed",
            "speed": "fast",
            "pass": true,
            "fail": false,
            "pending": false,
            "code": "await (expect(del_resp.status).to.eql(204));",
            "err": {},
            "isRoot": false,
            "uuid": "1ff1fc08-9665-4f1d-aa82-b3b08fe83972",
            "isHook": false,
            "skipped": false
          }
        ],
        "suites": [],
        "passes": [
          "68c9f497-1851-4216-86ed-8c93da589d68",
          "1ff1fc08-9665-4f1d-aa82-b3b08fe83972"
        ],
        "failures": [],
        "pending": [],
        "skipped": [],
        "duration": 264,
        "root": false,
        "rootEmpty": false,
        "_timeout": 2000
      },
      {
        "uuid": "bd186729-776b-4e61-8a76-1ef32fb9195d",
        "title": "DELETE Request",
        "fullFile": "/Users/fs/Desktop/WebPanelAdministracionBack/test/delete_ticket_type.js",
        "file": "/test/delete_ticket_type.js",
        "beforeHooks": [],
        "afterHooks": [],
        "tests": [
          {
            "title": "makes a delete call ",
            "fullTitle": "DELETE Request makes a delete call ",
            "timedOut": false,
            "duration": 244,
            "state": "passed",
            "speed": "slow",
            "pass": true,
            "fail": false,
            "pending": false,
            "code": "del_resp = await baseURL.delete(ticket_type);\nawait (console.log(del_resp.body));",
            "err": {},
            "isRoot": false,
            "uuid": "a2f59f62-7120-4222-9a2a-c11a01fc50db",
            "isHook": false,
            "skipped": false
          },
          {
            "title": "asserts that the response code is 204",
            "fullTitle": "DELETE Request asserts that the response code is 204",
            "timedOut": false,
            "duration": 1,
            "state": "passed",
            "speed": "fast",
            "pass": true,
            "fail": false,
            "pending": false,
            "code": "await (expect(del_resp.status).to.eql(204));",
            "err": {},
            "isRoot": false,
            "uuid": "ad1248fd-ed80-48ef-9e07-5795e51616e5",
            "isHook": false,
            "skipped": false
          }
        ],
        "suites": [],
        "passes": [
          "a2f59f62-7120-4222-9a2a-c11a01fc50db",
          "ad1248fd-ed80-48ef-9e07-5795e51616e5"
        ],
        "failures": [],
        "pending": [],
        "skipped": [],
        "duration": 245,
        "root": false,
        "rootEmpty": false,
        "_timeout": 2000
      },
      {
        "uuid": "82db9270-c6e5-4cdc-b050-4a404802eaf3",
        "title": "DELETE Request",
        "fullFile": "/Users/fs/Desktop/WebPanelAdministracionBack/test/delete_user.js",
        "file": "/test/delete_user.js",
        "beforeHooks": [],
        "afterHooks": [],
        "tests": [
          {
            "title": "makes a delete call ",
            "fullTitle": "DELETE Request makes a delete call ",
            "timedOut": false,
            "duration": 294,
            "state": "passed",
            "speed": "slow",
            "pass": true,
            "fail": false,
            "pending": false,
            "code": "del_resp = await baseURL.delete(user);\nawait (console.log(del_resp.body));",
            "err": {},
            "isRoot": false,
            "uuid": "922b2cf4-e884-4d15-bfd4-4f1a73e09fbe",
            "isHook": false,
            "skipped": false
          },
          {
            "title": "asserts that the response code is 204",
            "fullTitle": "DELETE Request asserts that the response code is 204",
            "timedOut": false,
            "duration": 0,
            "state": "passed",
            "speed": "fast",
            "pass": true,
            "fail": false,
            "pending": false,
            "code": "await (expect(del_resp.status).to.eql(204));",
            "err": {},
            "isRoot": false,
            "uuid": "21196e98-b6d8-4552-afc4-0235b7da9505",
            "isHook": false,
            "skipped": false
          }
        ],
        "suites": [],
        "passes": [
          "922b2cf4-e884-4d15-bfd4-4f1a73e09fbe",
          "21196e98-b6d8-4552-afc4-0235b7da9505"
        ],
        "failures": [],
        "pending": [],
        "skipped": [],
        "duration": 294,
        "root": false,
        "rootEmpty": false,
        "_timeout": 2000
      },
      {
        "uuid": "2b3d6cd6-9f25-4eb4-9517-ad961018f781",
        "title": "First Request to Get Companies",
        "fullFile": "/Users/fs/Desktop/WebPanelAdministracionBack/test/read_company.js",
        "file": "/test/read_company.js",
        "beforeHooks": [],
        "afterHooks": [],
        "tests": [
          {
            "title": "See Response",
            "fullTitle": "First Request to Get Companies See Response",
            "timedOut": false,
            "duration": 207,
            "state": "passed",
            "speed": "slow",
            "pass": true,
            "fail": false,
            "pending": false,
            "code": "res = await baseURL.get(company); //Sending the GET request\nconsole.log(res.body);",
            "err": {},
            "isRoot": false,
            "uuid": "5922c0bc-28fb-48fb-aef3-f684a6b642e4",
            "isHook": false,
            "skipped": false
          },
          {
            "title": "checks that the response was OK",
            "fullTitle": "First Request to Get Companies checks that the response was OK",
            "timedOut": false,
            "duration": 0,
            "state": "passed",
            "speed": "fast",
            "pass": true,
            "fail": false,
            "pending": false,
            "code": "await (expect(res.status).to.equal(200));",
            "err": {},
            "isRoot": false,
            "uuid": "2c4c316d-aa53-4eab-9440-7b2886498274",
            "isHook": false,
            "skipped": false
          },
          {
            "title": "prints length of data array",
            "fullTitle": "First Request to Get Companies prints length of data array",
            "timedOut": false,
            "duration": 0,
            "state": "passed",
            "speed": "fast",
            "pass": true,
            "fail": false,
            "pending": false,
            "code": "await (console.log(res.body.data.length));",
            "err": {},
            "isRoot": false,
            "uuid": "e7864db3-8cf9-4f1a-b207-48c6b8f1957a",
            "isHook": false,
            "skipped": false
          },
          {
            "title": "gets the id from the array",
            "fullTitle": "First Request to Get Companies gets the id from the array",
            "timedOut": false,
            "duration": 1,
            "state": "passed",
            "speed": "fast",
            "pass": true,
            "fail": false,
            "pending": false,
            "code": "for(let i=0;i<res.body.data.length;i++){\n   await(console.log(res.body.data[i].id));\n}",
            "err": {},
            "isRoot": false,
            "uuid": "b1a16722-aeea-43a8-922e-d1b271fe9020",
            "isHook": false,
            "skipped": false
          }
        ],
        "suites": [],
        "passes": [
          "5922c0bc-28fb-48fb-aef3-f684a6b642e4",
          "2c4c316d-aa53-4eab-9440-7b2886498274",
          "e7864db3-8cf9-4f1a-b207-48c6b8f1957a",
          "b1a16722-aeea-43a8-922e-d1b271fe9020"
        ],
        "failures": [],
        "pending": [],
        "skipped": [],
        "duration": 208,
        "root": false,
        "rootEmpty": false,
        "_timeout": 2000
      },
      {
        "uuid": "08642684-9955-409a-970d-72f372f1690f",
        "title": "First Request to Get Narratives",
        "fullFile": "/Users/fs/Desktop/WebPanelAdministracionBack/test/read_narrative.js",
        "file": "/test/read_narrative.js",
        "beforeHooks": [],
        "afterHooks": [],
        "tests": [
          {
            "title": "See Response",
            "fullTitle": "First Request to Get Narratives See Response",
            "timedOut": false,
            "duration": 271,
            "state": "passed",
            "speed": "slow",
            "pass": true,
            "fail": false,
            "pending": false,
            "code": "res = await baseURL.get(narrative); //Sending the GET request\nconsole.log(res.body);",
            "err": {},
            "isRoot": false,
            "uuid": "199a6ba5-4e3e-4e58-8bbd-ef088b213804",
            "isHook": false,
            "skipped": false
          },
          {
            "title": "checks that the response was OK",
            "fullTitle": "First Request to Get Narratives checks that the response was OK",
            "timedOut": false,
            "duration": 0,
            "state": "passed",
            "speed": "fast",
            "pass": true,
            "fail": false,
            "pending": false,
            "code": "await (expect(res.status).to.equal(200));",
            "err": {},
            "isRoot": false,
            "uuid": "59457138-4478-4ee8-8ff2-0b3461b37581",
            "isHook": false,
            "skipped": false
          },
          {
            "title": "prints length of data array",
            "fullTitle": "First Request to Get Narratives prints length of data array",
            "timedOut": false,
            "duration": 0,
            "state": "passed",
            "speed": "fast",
            "pass": true,
            "fail": false,
            "pending": false,
            "code": "await (console.log(res.body.data.length));",
            "err": {},
            "isRoot": false,
            "uuid": "bb4f2a2d-f79e-49da-bc29-34b21208df04",
            "isHook": false,
            "skipped": false
          },
          {
            "title": "gets the id from the array",
            "fullTitle": "First Request to Get Narratives gets the id from the array",
            "timedOut": false,
            "duration": 1,
            "state": "passed",
            "speed": "fast",
            "pass": true,
            "fail": false,
            "pending": false,
            "code": "for(let i=0;i<res.body.data.length;i++){\n   await(console.log(res.body.data[i].id));\n}",
            "err": {},
            "isRoot": false,
            "uuid": "8a6c71e0-5089-4e6c-b5a4-1d88b735f383",
            "isHook": false,
            "skipped": false
          }
        ],
        "suites": [],
        "passes": [
          "199a6ba5-4e3e-4e58-8bbd-ef088b213804",
          "59457138-4478-4ee8-8ff2-0b3461b37581",
          "bb4f2a2d-f79e-49da-bc29-34b21208df04",
          "8a6c71e0-5089-4e6c-b5a4-1d88b735f383"
        ],
        "failures": [],
        "pending": [],
        "skipped": [],
        "duration": 272,
        "root": false,
        "rootEmpty": false,
        "_timeout": 2000
      },
      {
        "uuid": "e6c30e00-814d-417a-8980-4d49496ef9ce",
        "title": "First Request to Get Places",
        "fullFile": "/Users/fs/Desktop/WebPanelAdministracionBack/test/read_place.js",
        "file": "/test/read_place.js",
        "beforeHooks": [],
        "afterHooks": [],
        "tests": [
          {
            "title": "See Response",
            "fullTitle": "First Request to Get Places See Response",
            "timedOut": false,
            "duration": 252,
            "state": "passed",
            "speed": "slow",
            "pass": true,
            "fail": false,
            "pending": false,
            "code": "res = await baseURL.get(place); //Sending the GET request\nconsole.log(res.body);",
            "err": {},
            "isRoot": false,
            "uuid": "e875e4ec-b461-4e9f-bd49-bbcb1c81f5a4",
            "isHook": false,
            "skipped": false
          },
          {
            "title": "checks that the response was OK",
            "fullTitle": "First Request to Get Places checks that the response was OK",
            "timedOut": false,
            "duration": 0,
            "state": "passed",
            "speed": "fast",
            "pass": true,
            "fail": false,
            "pending": false,
            "code": "await (expect(res.status).to.equal(200));",
            "err": {},
            "isRoot": false,
            "uuid": "4e1216e6-ab9b-4019-b7dc-35cd599b134f",
            "isHook": false,
            "skipped": false
          },
          {
            "title": "prints length of data array",
            "fullTitle": "First Request to Get Places prints length of data array",
            "timedOut": false,
            "duration": 0,
            "state": "passed",
            "speed": "fast",
            "pass": true,
            "fail": false,
            "pending": false,
            "code": "await (console.log(res.body.data.length));",
            "err": {},
            "isRoot": false,
            "uuid": "3b3c85c6-3602-465c-b382-e43278699f19",
            "isHook": false,
            "skipped": false
          },
          {
            "title": "gets the id from the array",
            "fullTitle": "First Request to Get Places gets the id from the array",
            "timedOut": false,
            "duration": 0,
            "state": "passed",
            "speed": "fast",
            "pass": true,
            "fail": false,
            "pending": false,
            "code": "for(let i=0;i<res.body.data.length;i++){\n   await(console.log(res.body.data[i].id));\n}",
            "err": {},
            "isRoot": false,
            "uuid": "522ed374-a450-46b1-ab83-5c516c022841",
            "isHook": false,
            "skipped": false
          }
        ],
        "suites": [],
        "passes": [
          "e875e4ec-b461-4e9f-bd49-bbcb1c81f5a4",
          "4e1216e6-ab9b-4019-b7dc-35cd599b134f",
          "3b3c85c6-3602-465c-b382-e43278699f19",
          "522ed374-a450-46b1-ab83-5c516c022841"
        ],
        "failures": [],
        "pending": [],
        "skipped": [],
        "duration": 252,
        "root": false,
        "rootEmpty": false,
        "_timeout": 2000
      },
      {
        "uuid": "391fb9ec-ed01-497e-b5b8-902040823a96",
        "title": "First Request to Get Place types",
        "fullFile": "/Users/fs/Desktop/WebPanelAdministracionBack/test/read_place_type.js",
        "file": "/test/read_place_type.js",
        "beforeHooks": [],
        "afterHooks": [],
        "tests": [
          {
            "title": "See Response",
            "fullTitle": "First Request to Get Place types See Response",
            "timedOut": false,
            "duration": 205,
            "state": "passed",
            "speed": "slow",
            "pass": true,
            "fail": false,
            "pending": false,
            "code": "res = await baseURL.get(place_type); //Sending the GET request\nconsole.log(res.body);",
            "err": {},
            "isRoot": false,
            "uuid": "8a66efae-0bc9-42cb-a802-96e5d449c298",
            "isHook": false,
            "skipped": false
          },
          {
            "title": "checks that the response was OK",
            "fullTitle": "First Request to Get Place types checks that the response was OK",
            "timedOut": false,
            "duration": 0,
            "state": "passed",
            "speed": "fast",
            "pass": true,
            "fail": false,
            "pending": false,
            "code": "await (expect(res.status).to.equal(200));",
            "err": {},
            "isRoot": false,
            "uuid": "23e9a7b0-d96e-4e10-99d1-3981c43436ff",
            "isHook": false,
            "skipped": false
          },
          {
            "title": "prints length of data array",
            "fullTitle": "First Request to Get Place types prints length of data array",
            "timedOut": false,
            "duration": 0,
            "state": "passed",
            "speed": "fast",
            "pass": true,
            "fail": false,
            "pending": false,
            "code": "await (console.log(res.body.data.length));",
            "err": {},
            "isRoot": false,
            "uuid": "b25b38b0-6893-49f5-a74b-dcaf0d8d7c9a",
            "isHook": false,
            "skipped": false
          },
          {
            "title": "gets the id from the array",
            "fullTitle": "First Request to Get Place types gets the id from the array",
            "timedOut": false,
            "duration": 0,
            "state": "passed",
            "speed": "fast",
            "pass": true,
            "fail": false,
            "pending": false,
            "code": "for(let i=0;i<res.body.data.length;i++){\n   await(console.log(res.body.data[i].id));\n}",
            "err": {},
            "isRoot": false,
            "uuid": "aabc6388-2e03-4da6-99d3-8bc8ffb5ae23",
            "isHook": false,
            "skipped": false
          }
        ],
        "suites": [],
        "passes": [
          "8a66efae-0bc9-42cb-a802-96e5d449c298",
          "23e9a7b0-d96e-4e10-99d1-3981c43436ff",
          "b25b38b0-6893-49f5-a74b-dcaf0d8d7c9a",
          "aabc6388-2e03-4da6-99d3-8bc8ffb5ae23"
        ],
        "failures": [],
        "pending": [],
        "skipped": [],
        "duration": 205,
        "root": false,
        "rootEmpty": false,
        "_timeout": 2000
      },
      {
        "uuid": "71787413-565b-43aa-b1bd-23a140b6abbc",
        "title": "First Request to Get Prices",
        "fullFile": "/Users/fs/Desktop/WebPanelAdministracionBack/test/read_price.js",
        "file": "/test/read_price.js",
        "beforeHooks": [],
        "afterHooks": [],
        "tests": [
          {
            "title": "See Response",
            "fullTitle": "First Request to Get Prices See Response",
            "timedOut": false,
            "duration": 220,
            "state": "passed",
            "speed": "slow",
            "pass": true,
            "fail": false,
            "pending": false,
            "code": "res = await baseURL.get(price); //Sending the GET request\nconsole.log(res.body);",
            "err": {},
            "isRoot": false,
            "uuid": "e22ef9b8-55a3-4278-a195-7dae6c68442b",
            "isHook": false,
            "skipped": false
          },
          {
            "title": "checks that the response was OK",
            "fullTitle": "First Request to Get Prices checks that the response was OK",
            "timedOut": false,
            "duration": 1,
            "state": "passed",
            "speed": "fast",
            "pass": true,
            "fail": false,
            "pending": false,
            "code": "await (expect(res.status).to.equal(200));",
            "err": {},
            "isRoot": false,
            "uuid": "34211161-845b-4271-9c71-40bf8abafcf2",
            "isHook": false,
            "skipped": false
          },
          {
            "title": "prints length of data array",
            "fullTitle": "First Request to Get Prices prints length of data array",
            "timedOut": false,
            "duration": 0,
            "state": "passed",
            "speed": "fast",
            "pass": true,
            "fail": false,
            "pending": false,
            "code": "await (console.log(res.body.data.length));",
            "err": {},
            "isRoot": false,
            "uuid": "6f56a573-e898-481e-99d5-0b534be79ac8",
            "isHook": false,
            "skipped": false
          },
          {
            "title": "gets the id from the array",
            "fullTitle": "First Request to Get Prices gets the id from the array",
            "timedOut": false,
            "duration": 0,
            "state": "passed",
            "speed": "fast",
            "pass": true,
            "fail": false,
            "pending": false,
            "code": "for(let i=0;i<res.body.data.length;i++){\n   await(console.log(res.body.data[i].id));\n}",
            "err": {},
            "isRoot": false,
            "uuid": "6eceeeb7-0f89-4245-bc7e-318755ac9f13",
            "isHook": false,
            "skipped": false
          }
        ],
        "suites": [],
        "passes": [
          "e22ef9b8-55a3-4278-a195-7dae6c68442b",
          "34211161-845b-4271-9c71-40bf8abafcf2",
          "6f56a573-e898-481e-99d5-0b534be79ac8",
          "6eceeeb7-0f89-4245-bc7e-318755ac9f13"
        ],
        "failures": [],
        "pending": [],
        "skipped": [],
        "duration": 221,
        "root": false,
        "rootEmpty": false,
        "_timeout": 2000
      },
      {
        "uuid": "56975ded-1bee-49ff-ae08-b84fdbaf90e8",
        "title": "First Request to Get Purchases",
        "fullFile": "/Users/fs/Desktop/WebPanelAdministracionBack/test/read_purchase.js",
        "file": "/test/read_purchase.js",
        "beforeHooks": [],
        "afterHooks": [],
        "tests": [
          {
            "title": "See Response",
            "fullTitle": "First Request to Get Purchases See Response",
            "timedOut": false,
            "duration": 253,
            "state": "passed",
            "speed": "slow",
            "pass": true,
            "fail": false,
            "pending": false,
            "code": "res = await baseURL.get(purchase); //Sending the GET request\nconsole.log(res.body);",
            "err": {},
            "isRoot": false,
            "uuid": "2d09d49e-34f2-49c5-85cf-21177bb2b2c3",
            "isHook": false,
            "skipped": false
          },
          {
            "title": "checks that the response was OK",
            "fullTitle": "First Request to Get Purchases checks that the response was OK",
            "timedOut": false,
            "duration": 1,
            "state": "passed",
            "speed": "fast",
            "pass": true,
            "fail": false,
            "pending": false,
            "code": "await (expect(res.status).to.equal(200));",
            "err": {},
            "isRoot": false,
            "uuid": "6e8b9e02-b0da-4324-bfc7-a2406840a1cd",
            "isHook": false,
            "skipped": false
          },
          {
            "title": "prints length of data array",
            "fullTitle": "First Request to Get Purchases prints length of data array",
            "timedOut": false,
            "duration": 0,
            "state": "passed",
            "speed": "fast",
            "pass": true,
            "fail": false,
            "pending": false,
            "code": "await (console.log(res.body.data.length));",
            "err": {},
            "isRoot": false,
            "uuid": "290ffe84-16a4-464b-9b57-3511035d7607",
            "isHook": false,
            "skipped": false
          },
          {
            "title": "gets the id from the array",
            "fullTitle": "First Request to Get Purchases gets the id from the array",
            "timedOut": false,
            "duration": 0,
            "state": "passed",
            "speed": "fast",
            "pass": true,
            "fail": false,
            "pending": false,
            "code": "for(let i=0;i<res.body.data.length;i++){\n   await(console.log(res.body.data[i].id));\n}",
            "err": {},
            "isRoot": false,
            "uuid": "86c62b1d-09e6-486d-a0a9-82400cf96880",
            "isHook": false,
            "skipped": false
          }
        ],
        "suites": [],
        "passes": [
          "2d09d49e-34f2-49c5-85cf-21177bb2b2c3",
          "6e8b9e02-b0da-4324-bfc7-a2406840a1cd",
          "290ffe84-16a4-464b-9b57-3511035d7607",
          "86c62b1d-09e6-486d-a0a9-82400cf96880"
        ],
        "failures": [],
        "pending": [],
        "skipped": [],
        "duration": 254,
        "root": false,
        "rootEmpty": false,
        "_timeout": 2000
      },
      {
        "uuid": "6305f159-a4c9-46e8-8442-084b18734fd2",
        "title": "First Request to Get Tickets",
        "fullFile": "/Users/fs/Desktop/WebPanelAdministracionBack/test/read_ticket.js",
        "file": "/test/read_ticket.js",
        "beforeHooks": [],
        "afterHooks": [],
        "tests": [
          {
            "title": "See Response",
            "fullTitle": "First Request to Get Tickets See Response",
            "timedOut": false,
            "duration": 250,
            "state": "passed",
            "speed": "slow",
            "pass": true,
            "fail": false,
            "pending": false,
            "code": "res = await baseURL.get(ticket); //Sending the GET request\nconsole.log(res.body);",
            "err": {},
            "isRoot": false,
            "uuid": "a94f0d79-7313-4fcd-9e79-4c9cd3f44f31",
            "isHook": false,
            "skipped": false
          },
          {
            "title": "checks that the response was OK",
            "fullTitle": "First Request to Get Tickets checks that the response was OK",
            "timedOut": false,
            "duration": 0,
            "state": "passed",
            "speed": "fast",
            "pass": true,
            "fail": false,
            "pending": false,
            "code": "await (expect(res.status).to.equal(200));",
            "err": {},
            "isRoot": false,
            "uuid": "45b687ea-1a7b-4311-ae17-4f4752f5d82a",
            "isHook": false,
            "skipped": false
          },
          {
            "title": "prints length of data array",
            "fullTitle": "First Request to Get Tickets prints length of data array",
            "timedOut": false,
            "duration": 0,
            "state": "passed",
            "speed": "fast",
            "pass": true,
            "fail": false,
            "pending": false,
            "code": "await (console.log(res.body.data.length));",
            "err": {},
            "isRoot": false,
            "uuid": "3776340f-b75c-4f41-85b9-005d719a77a7",
            "isHook": false,
            "skipped": false
          },
          {
            "title": "gets the id from the array",
            "fullTitle": "First Request to Get Tickets gets the id from the array",
            "timedOut": false,
            "duration": 1,
            "state": "passed",
            "speed": "fast",
            "pass": true,
            "fail": false,
            "pending": false,
            "code": "for(let i=0;i<res.body.data.length;i++){\n   await(console.log(res.body.data[i].id));\n}",
            "err": {},
            "isRoot": false,
            "uuid": "480dfad0-9fb2-4e2a-8850-e233cb492c82",
            "isHook": false,
            "skipped": false
          }
        ],
        "suites": [],
        "passes": [
          "a94f0d79-7313-4fcd-9e79-4c9cd3f44f31",
          "45b687ea-1a7b-4311-ae17-4f4752f5d82a",
          "3776340f-b75c-4f41-85b9-005d719a77a7",
          "480dfad0-9fb2-4e2a-8850-e233cb492c82"
        ],
        "failures": [],
        "pending": [],
        "skipped": [],
        "duration": 251,
        "root": false,
        "rootEmpty": false,
        "_timeout": 2000
      },
      {
        "uuid": "1cab90a0-54a5-40cd-856a-a3756073ebc5",
        "title": "First Request to Get Ticket types",
        "fullFile": "/Users/fs/Desktop/WebPanelAdministracionBack/test/read_ticket_type.js",
        "file": "/test/read_ticket_type.js",
        "beforeHooks": [],
        "afterHooks": [],
        "tests": [
          {
            "title": "See Response",
            "fullTitle": "First Request to Get Ticket types See Response",
            "timedOut": false,
            "duration": 245,
            "state": "passed",
            "speed": "slow",
            "pass": true,
            "fail": false,
            "pending": false,
            "code": "res = await baseURL.get(ticket_type); //Sending the GET request\nconsole.log(res.body);",
            "err": {},
            "isRoot": false,
            "uuid": "12a3e339-184e-4237-834a-1bde7937079a",
            "isHook": false,
            "skipped": false
          },
          {
            "title": "checks that the response was OK",
            "fullTitle": "First Request to Get Ticket types checks that the response was OK",
            "timedOut": false,
            "duration": 0,
            "state": "passed",
            "speed": "fast",
            "pass": true,
            "fail": false,
            "pending": false,
            "code": "await (expect(res.status).to.equal(200));",
            "err": {},
            "isRoot": false,
            "uuid": "a85ef268-a6f4-4747-997a-196c5ef7d7cb",
            "isHook": false,
            "skipped": false
          },
          {
            "title": "prints length of data array",
            "fullTitle": "First Request to Get Ticket types prints length of data array",
            "timedOut": false,
            "duration": 0,
            "state": "passed",
            "speed": "fast",
            "pass": true,
            "fail": false,
            "pending": false,
            "code": "await (console.log(res.body.data.length));",
            "err": {},
            "isRoot": false,
            "uuid": "a848e05b-e30d-4930-bd72-55348bb04d98",
            "isHook": false,
            "skipped": false
          },
          {
            "title": "gets the id from the array",
            "fullTitle": "First Request to Get Ticket types gets the id from the array",
            "timedOut": false,
            "duration": 0,
            "state": "passed",
            "speed": "fast",
            "pass": true,
            "fail": false,
            "pending": false,
            "code": "for(let i=0;i<res.body.data.length;i++){\n   await(console.log(res.body.data[i].id));\n}",
            "err": {},
            "isRoot": false,
            "uuid": "f57f8b2f-05e6-43ec-b597-37e90421ee25",
            "isHook": false,
            "skipped": false
          }
        ],
        "suites": [],
        "passes": [
          "12a3e339-184e-4237-834a-1bde7937079a",
          "a85ef268-a6f4-4747-997a-196c5ef7d7cb",
          "a848e05b-e30d-4930-bd72-55348bb04d98",
          "f57f8b2f-05e6-43ec-b597-37e90421ee25"
        ],
        "failures": [],
        "pending": [],
        "skipped": [],
        "duration": 245,
        "root": false,
        "rootEmpty": false,
        "_timeout": 2000
      },
      {
        "uuid": "71ac27f2-628e-4443-9d1b-7671a01c9053",
        "title": "First Request to Get Users",
        "fullFile": "/Users/fs/Desktop/WebPanelAdministracionBack/test/read_user.js",
        "file": "/test/read_user.js",
        "beforeHooks": [],
        "afterHooks": [],
        "tests": [
          {
            "title": "See Response",
            "fullTitle": "First Request to Get Users See Response",
            "timedOut": false,
            "duration": 258,
            "state": "passed",
            "speed": "slow",
            "pass": true,
            "fail": false,
            "pending": false,
            "code": "res = await baseURL.get(user); //Sending the GET request\nconsole.log(res.body);",
            "err": {},
            "isRoot": false,
            "uuid": "02d5ee52-a8ee-4a1d-9393-ecf09038483d",
            "isHook": false,
            "skipped": false
          },
          {
            "title": "checks that the response was OK",
            "fullTitle": "First Request to Get Users checks that the response was OK",
            "timedOut": false,
            "duration": 0,
            "state": "passed",
            "speed": "fast",
            "pass": true,
            "fail": false,
            "pending": false,
            "code": "await (expect(res.status).to.equal(200));",
            "err": {},
            "isRoot": false,
            "uuid": "6bc6129b-126e-4810-a5c0-9a287e012711",
            "isHook": false,
            "skipped": false
          },
          {
            "title": "prints length of data array",
            "fullTitle": "First Request to Get Users prints length of data array",
            "timedOut": false,
            "duration": 0,
            "state": "passed",
            "speed": "fast",
            "pass": true,
            "fail": false,
            "pending": false,
            "code": "await (console.log(res.body.data.length));",
            "err": {},
            "isRoot": false,
            "uuid": "43deb3e1-2a4d-401e-a347-139f04a2e6c4",
            "isHook": false,
            "skipped": false
          },
          {
            "title": "gets the id from the array",
            "fullTitle": "First Request to Get Users gets the id from the array",
            "timedOut": false,
            "duration": 0,
            "state": "passed",
            "speed": "fast",
            "pass": true,
            "fail": false,
            "pending": false,
            "code": "for(let i=0;i<res.body.data.length;i++){\n   await(console.log(res.body.data[i].id));\n}",
            "err": {},
            "isRoot": false,
            "uuid": "d68527f4-3aaf-41dc-b9c1-dec7ad4207cb",
            "isHook": false,
            "skipped": false
          }
        ],
        "suites": [],
        "passes": [
          "02d5ee52-a8ee-4a1d-9393-ecf09038483d",
          "6bc6129b-126e-4810-a5c0-9a287e012711",
          "43deb3e1-2a4d-401e-a347-139f04a2e6c4",
          "d68527f4-3aaf-41dc-b9c1-dec7ad4207cb"
        ],
        "failures": [],
        "pending": [],
        "skipped": [],
        "duration": 258,
        "root": false,
        "rootEmpty": false,
        "_timeout": 2000
      },
      {
        "uuid": "e3dbccd1-d747-45ec-87ae-df81b2226644",
        "title": "PUT Request",
        "fullFile": "/Users/fs/Desktop/WebPanelAdministracionBack/test/update_company.js",
        "file": "/test/update_company.js",
        "beforeHooks": [],
        "afterHooks": [],
        "tests": [
          {
            "title": "makes a POST call ",
            "fullTitle": "PUT Request makes a POST call ",
            "timedOut": false,
            "duration": 204,
            "state": "passed",
            "speed": "slow",
            "pass": true,
            "fail": false,
            "pending": false,
            "code": "put_resp = await baseURL.put(company)\n    .type('form')\n    .send({\n        \"name\": \"Estrella Verde\",\n        \"full_name\": \"Estrella Verde S.A. de C.V.\",\n        \"phone_number\": \"12345456277\",\n        \"street\": \"Calle Callerous\",\n        \"postal_coce\": \"72767\",\n        \"rfc\": \"h23r09hv29h32d09hhj\",\n        \"ieps\": \"11\",\n        \"iva\": \".161\",\n        \"latitude\": \"20.3148972\",\n        \"longitude\": \"-34.4917203984\",\n    })\n    .set('Accept', '/application/\\json/');\nawait (console.log(put_resp.body));",
            "err": {},
            "isRoot": false,
            "uuid": "8e7e5585-cb58-4cd6-a055-57c42a318813",
            "isHook": false,
            "skipped": false
          }
        ],
        "suites": [],
        "passes": [
          "8e7e5585-cb58-4cd6-a055-57c42a318813"
        ],
        "failures": [],
        "pending": [],
        "skipped": [],
        "duration": 204,
        "root": false,
        "rootEmpty": false,
        "_timeout": 2000
      },
      {
        "uuid": "f3d4e382-28e1-4c07-9131-eb12eec196e4",
        "title": "PUT Request",
        "fullFile": "/Users/fs/Desktop/WebPanelAdministracionBack/test/update_narrative.js",
        "file": "/test/update_narrative.js",
        "beforeHooks": [],
        "afterHooks": [],
        "tests": [
          {
            "title": "makes a POST call ",
            "fullTitle": "PUT Request makes a POST call ",
            "timedOut": false,
            "duration": 217,
            "state": "passed",
            "speed": "slow",
            "pass": true,
            "fail": false,
            "pending": false,
            "code": "put_resp = await baseURL.put(narrative)\n    .type('form')\n    .send({\n        \"audio_path\": \"this is an audio path\",\n        \"description\": \"ababbabadfjfbasklbksbfekfbalsejfakefaskeufbskefabsefjyasefjbfkjhsebakjehfbaksjehfwjef\"\n    })\n    .set('Accept', '/application/\\json/');\nawait (console.log(put_resp.body));",
            "err": {},
            "isRoot": false,
            "uuid": "4c4bcf7d-8011-4f4b-8fae-dbd5f8fd5539",
            "isHook": false,
            "skipped": false
          }
        ],
        "suites": [],
        "passes": [
          "4c4bcf7d-8011-4f4b-8fae-dbd5f8fd5539"
        ],
        "failures": [],
        "pending": [],
        "skipped": [],
        "duration": 217,
        "root": false,
        "rootEmpty": false,
        "_timeout": 2000
      },
      {
        "uuid": "79260d9d-0b2c-41fc-a536-b47c2d541be2",
        "title": "PUT Request",
        "fullFile": "/Users/fs/Desktop/WebPanelAdministracionBack/test/update_place.js",
        "file": "/test/update_place.js",
        "beforeHooks": [],
        "afterHooks": [],
        "tests": [
          {
            "title": "makes a POST call ",
            "fullTitle": "PUT Request makes a POST call ",
            "timedOut": false,
            "duration": 246,
            "state": "passed",
            "speed": "slow",
            "pass": true,
            "fail": false,
            "pending": false,
            "code": "put_resp = await baseURL.put(place)\n    .type('form')\n    .send({\n        \"place_type_id\": \"1\",\n        \"narrative_id\": \"1\",\n        \"name\": \"catedral\",\n        \"longitude\": \"0\",\n        \"latitude\": \"0\",\n        \"description\": \"la catedral mas extrema de mexico\"\n    })\n    .set('Accept', '/application/\\json/');\nawait (console.log(put_resp.body));",
            "err": {},
            "isRoot": false,
            "uuid": "b76dec79-3f36-4de5-954b-50e68a9e26e0",
            "isHook": false,
            "skipped": false
          }
        ],
        "suites": [],
        "passes": [
          "b76dec79-3f36-4de5-954b-50e68a9e26e0"
        ],
        "failures": [],
        "pending": [],
        "skipped": [],
        "duration": 246,
        "root": false,
        "rootEmpty": false,
        "_timeout": 2000
      },
      {
        "uuid": "cbf1a92c-72fc-44ae-a987-7299bb82db81",
        "title": "PUT Request",
        "fullFile": "/Users/fs/Desktop/WebPanelAdministracionBack/test/update_place_type.js",
        "file": "/test/update_place_type.js",
        "beforeHooks": [],
        "afterHooks": [],
        "tests": [
          {
            "title": "makes a POST call ",
            "fullTitle": "PUT Request makes a POST call ",
            "timedOut": false,
            "duration": 252,
            "state": "passed",
            "speed": "slow",
            "pass": true,
            "fail": false,
            "pending": false,
            "code": "put_resp = await baseURL.put(place_type)\n    .type('form')\n    .send({\n        \"name\": \"hotel\",\n    })\n    .set('Accept', '/application/\\json/');\nawait (console.log(put_resp.body));",
            "err": {},
            "isRoot": false,
            "uuid": "80c3e116-707a-425a-81d3-9c4882db5403",
            "isHook": false,
            "skipped": false
          }
        ],
        "suites": [],
        "passes": [
          "80c3e116-707a-425a-81d3-9c4882db5403"
        ],
        "failures": [],
        "pending": [],
        "skipped": [],
        "duration": 252,
        "root": false,
        "rootEmpty": false,
        "_timeout": 2000
      },
      {
        "uuid": "be6d6603-8b6b-4ca0-8ffa-aac108164dd5",
        "title": "PUT Request",
        "fullFile": "/Users/fs/Desktop/WebPanelAdministracionBack/test/update_price.js",
        "file": "/test/update_price.js",
        "beforeHooks": [],
        "afterHooks": [],
        "tests": [
          {
            "title": "makes a POST call ",
            "fullTitle": "PUT Request makes a POST call ",
            "timedOut": false,
            "duration": 204,
            "state": "passed",
            "speed": "slow",
            "pass": true,
            "fail": false,
            "pending": false,
            "code": "put_resp = await baseURL.put(price)\n    .type('form')\n    .send({\n        \"ticket_type_id\": \"2\",\n        \"tour_id\": \"2\",\n        \"amount\": \"11\"\n    })\n    .set('Accept', '/application/\\json/');\nawait (console.log(put_resp.body));",
            "err": {},
            "isRoot": false,
            "uuid": "5e288eab-3b1d-49b5-9dc5-000b36ac7ac3",
            "isHook": false,
            "skipped": false
          }
        ],
        "suites": [],
        "passes": [
          "5e288eab-3b1d-49b5-9dc5-000b36ac7ac3"
        ],
        "failures": [],
        "pending": [],
        "skipped": [],
        "duration": 204,
        "root": false,
        "rootEmpty": false,
        "_timeout": 2000
      },
      {
        "uuid": "ff8e8099-9233-4c1c-82e7-3c5812fa07c7",
        "title": "PUT Request",
        "fullFile": "/Users/fs/Desktop/WebPanelAdministracionBack/test/update_purchase.js",
        "file": "/test/update_purchase.js",
        "beforeHooks": [],
        "afterHooks": [],
        "tests": [
          {
            "title": "makes a POST call ",
            "fullTitle": "PUT Request makes a POST call ",
            "timedOut": false,
            "duration": 241,
            "state": "passed",
            "speed": "slow",
            "pass": true,
            "fail": false,
            "pending": false,
            "code": "put_resp = await baseURL.put(purchase)\n    .type('form')\n    .send({\n        \"company_id\": \"2\",\n        \"user_id\": \"2\",\n        \"sub_total\": \"11\",\n        \"total\": \"110\"\n    })\n    .set('Accept', '/application/\\json/');\nawait (console.log(put_resp.body));",
            "err": {},
            "isRoot": false,
            "uuid": "0e9d3ef9-edd2-4a77-b876-b8f749e8bb1f",
            "isHook": false,
            "skipped": false
          }
        ],
        "suites": [],
        "passes": [
          "0e9d3ef9-edd2-4a77-b876-b8f749e8bb1f"
        ],
        "failures": [],
        "pending": [],
        "skipped": [],
        "duration": 241,
        "root": false,
        "rootEmpty": false,
        "_timeout": 2000
      },
      {
        "uuid": "890c8ecb-3674-45d9-a2f5-a20dd0d71dee",
        "title": "PUT Request",
        "fullFile": "/Users/fs/Desktop/WebPanelAdministracionBack/test/update_ticket.js",
        "file": "/test/update_ticket.js",
        "beforeHooks": [],
        "afterHooks": [],
        "tests": [
          {
            "title": "makes a POST call ",
            "fullTitle": "PUT Request makes a POST call ",
            "timedOut": false,
            "duration": 216,
            "state": "passed",
            "speed": "slow",
            "pass": true,
            "fail": false,
            "pending": false,
            "code": "put_resp = await baseURL.put(ticket)\n    .type('form')\n    .send({\n        \"purchase_id\": \"1\",\n        \"price_id\": \"1\",\n        \"client_name\": \"Choko\",\n        \"client_last_name\": \"Man\",\n        \"client_age\": \"10\",\n        \"tour_date\": \"1/12/2018\",\n        \"qr_code\": \"qrcodegefen/api/usr=?ea\",\n        \"total\": \"100.0\"\n    })\n    .set('Accept', '/application/\\json/');\nawait (console.log(put_resp.body));",
            "err": {},
            "isRoot": false,
            "uuid": "36ab0389-a03e-4d57-b136-95dee9cb69d7",
            "isHook": false,
            "skipped": false
          }
        ],
        "suites": [],
        "passes": [
          "36ab0389-a03e-4d57-b136-95dee9cb69d7"
        ],
        "failures": [],
        "pending": [],
        "skipped": [],
        "duration": 216,
        "root": false,
        "rootEmpty": false,
        "_timeout": 2000
      },
      {
        "uuid": "c9562d5d-ae76-4e4d-bf72-ea6a40732e8d",
        "title": "PUT Request",
        "fullFile": "/Users/fs/Desktop/WebPanelAdministracionBack/test/update_ticket_type.js",
        "file": "/test/update_ticket_type.js",
        "beforeHooks": [],
        "afterHooks": [],
        "tests": [
          {
            "title": "makes a POST call ",
            "fullTitle": "PUT Request makes a POST call ",
            "timedOut": false,
            "duration": 215,
            "state": "passed",
            "speed": "slow",
            "pass": true,
            "fail": false,
            "pending": false,
            "code": "put_resp = await baseURL.put(ticket_type)\n    .type('form')\n    .send({\n        \"name\": \"inapam\",\n    })\n    .set('Accept', '/application/\\json/');\nawait (console.log(put_resp.body));",
            "err": {},
            "isRoot": false,
            "uuid": "d24c1317-87fd-4e08-95e5-61fc2a498b81",
            "isHook": false,
            "skipped": false
          }
        ],
        "suites": [],
        "passes": [
          "d24c1317-87fd-4e08-95e5-61fc2a498b81"
        ],
        "failures": [],
        "pending": [],
        "skipped": [],
        "duration": 215,
        "root": false,
        "rootEmpty": false,
        "_timeout": 2000
      },
      {
        "uuid": "71b0a844-2a63-49b2-a9ff-9686327c63ce",
        "title": "PUT Request",
        "fullFile": "/Users/fs/Desktop/WebPanelAdministracionBack/test/update_user.js",
        "file": "/test/update_user.js",
        "beforeHooks": [],
        "afterHooks": [],
        "tests": [
          {
            "title": "makes a POST call ",
            "fullTitle": "PUT Request makes a POST call ",
            "timedOut": false,
            "duration": 240,
            "state": "passed",
            "speed": "slow",
            "pass": true,
            "fail": false,
            "pending": false,
            "code": "put_resp = await baseURL.put(user)\n    .type('form')\n    .send({\n        \"user_type\": \"administrator\",\n        \"name\": \"Rayu\",\n        \"last_name\": \"Amin\",\n        \"email\": \"rayu@er.com\",\n        \"birthdate\": \"1/1/1980\",\n        \"password\": \"bimbo\",\n        \"postal_code\": \"77777\",\n        \"phone_number\": \"2222121212\"\n    })\n    .set('Accept', '/application/\\json/');\nawait (console.log(put_resp.body));",
            "err": {},
            "isRoot": false,
            "uuid": "75d87705-f95e-40b9-b71a-295298c1c036",
            "isHook": false,
            "skipped": false
          }
        ],
        "suites": [],
        "passes": [
          "75d87705-f95e-40b9-b71a-295298c1c036"
        ],
        "failures": [],
        "pending": [],
        "skipped": [],
        "duration": 240,
        "root": false,
        "rootEmpty": false,
        "_timeout": 2000
      }
    ],
    "passes": [],
    "failures": [],
    "pending": [],
    "skipped": [],
    "duration": 0,
    "root": true,
    "rootEmpty": true,
    "_timeout": 2000
  },
  "copyrightYear": 2018
}