{"/Users/fs/Desktop/WebPanelAdministracionBack/validation/activated_at_schema.js":{"path":"/Users/fs/Desktop/WebPanelAdministracionBack/validation/activated_at_schema.js","s":{"1":1,"2":1},"b":{},"f":{},"fnMap":{},"statementMap":{"1":{"start":{"line":1,"column":0},"end":{"line":1,"column":27}},"2":{"start":{"line":3,"column":0},"end":{"line":7,"column":1}}},"branchMap":{}},"/Users/fs/Desktop/WebPanelAdministracionBack/validation/bracelet_schema.js":{"path":"/Users/fs/Desktop/WebPanelAdministracionBack/validation/bracelet_schema.js","s":{"1":1,"2":1},"b":{},"f":{},"fnMap":{},"statementMap":{"1":{"start":{"line":1,"column":0},"end":{"line":1,"column":27}},"2":{"start":{"line":3,"column":0},"end":{"line":10,"column":1}}},"branchMap":{}},"/Users/fs/Desktop/WebPanelAdministracionBack/validation/bus_schema.js":{"path":"/Users/fs/Desktop/WebPanelAdministracionBack/validation/bus_schema.js","s":{"1":1,"2":1},"b":{},"f":{},"fnMap":{},"statementMap":{"1":{"start":{"line":1,"column":0},"end":{"line":1,"column":27}},"2":{"start":{"line":3,"column":0},"end":{"line":11,"column":1}}},"branchMap":{}},"/Users/fs/Desktop/WebPanelAdministracionBack/validation/company_schema.js":{"path":"/Users/fs/Desktop/WebPanelAdministracionBack/validation/company_schema.js","s":{"1":1,"2":1},"b":{},"f":{},"fnMap":{},"statementMap":{"1":{"start":{"line":1,"column":0},"end":{"line":1,"column":27}},"2":{"start":{"line":3,"column":0},"end":{"line":16,"column":1}}},"branchMap":{}},"/Users/fs/Desktop/WebPanelAdministracionBack/validation/date_interval_schema.js":{"path":"/Users/fs/Desktop/WebPanelAdministracionBack/validation/date_interval_schema.js","s":{"1":1,"2":1},"b":{},"f":{},"fnMap":{},"statementMap":{"1":{"start":{"line":1,"column":0},"end":{"line":1,"column":27}},"2":{"start":{"line":3,"column":0},"end":{"line":9,"column":1}}},"branchMap":{}},"/Users/fs/Desktop/WebPanelAdministracionBack/validation/hour_interval_schema.js":{"path":"/Users/fs/Desktop/WebPanelAdministracionBack/validation/hour_interval_schema.js","s":{"1":1,"2":1},"b":{},"f":{},"fnMap":{},"statementMap":{"1":{"start":{"line":1,"column":0},"end":{"line":1,"column":27}},"2":{"start":{"line":3,"column":0},"end":{"line":9,"column":1}}},"branchMap":{}},"/Users/fs/Desktop/WebPanelAdministracionBack/validation/image_schema.js":{"path":"/Users/fs/Desktop/WebPanelAdministracionBack/validation/image_schema.js","s":{"1":1,"2":1},"b":{},"f":{},"fnMap":{},"statementMap":{"1":{"start":{"line":1,"column":0},"end":{"line":1,"column":27}},"2":{"start":{"line":3,"column":0},"end":{"line":8,"column":1}}},"branchMap":{}},"/Users/fs/Desktop/WebPanelAdministracionBack/validation/narrative_schema.js":{"path":"/Users/fs/Desktop/WebPanelAdministracionBack/validation/narrative_schema.js","s":{"1":1,"2":1},"b":{},"f":{},"fnMap":{},"statementMap":{"1":{"start":{"line":1,"column":0},"end":{"line":1,"column":27}},"2":{"start":{"line":3,"column":0},"end":{"line":8,"column":1}}},"branchMap":{}},"/Users/fs/Desktop/WebPanelAdministracionBack/validation/place_schema.js":{"path":"/Users/fs/Desktop/WebPanelAdministracionBack/validation/place_schema.js","s":{"1":1,"2":1},"b":{},"f":{},"fnMap":{},"statementMap":{"1":{"start":{"line":1,"column":0},"end":{"line":1,"column":27}},"2":{"start":{"line":3,"column":0},"end":{"line":13,"column":1}}},"branchMap":{}},"/Users/fs/Desktop/WebPanelAdministracionBack/validation/place_image_schema.js":{"path":"/Users/fs/Desktop/WebPanelAdministracionBack/validation/place_image_schema.js","s":{"1":1,"2":1},"b":{},"f":{},"fnMap":{},"statementMap":{"1":{"start":{"line":1,"column":0},"end":{"line":1,"column":27}},"2":{"start":{"line":3,"column":0},"end":{"line":8,"column":1}}},"branchMap":{}},"/Users/fs/Desktop/WebPanelAdministracionBack/validation/place_type_schema.js":{"path":"/Users/fs/Desktop/WebPanelAdministracionBack/validation/place_type_schema.js","s":{"1":1,"2":1},"b":{},"f":{},"fnMap":{},"statementMap":{"1":{"start":{"line":1,"column":0},"end":{"line":1,"column":27}},"2":{"start":{"line":3,"column":0},"end":{"line":7,"column":1}}},"branchMap":{}},"/Users/fs/Desktop/WebPanelAdministracionBack/validation/price_schema.js":{"path":"/Users/fs/Desktop/WebPanelAdministracionBack/validation/price_schema.js","s":{"1":1,"2":1},"b":{},"f":{},"fnMap":{},"statementMap":{"1":{"start":{"line":1,"column":0},"end":{"line":1,"column":27}},"2":{"start":{"line":3,"column":0},"end":{"line":9,"column":1}}},"branchMap":{}},"/Users/fs/Desktop/WebPanelAdministracionBack/validation/purchase_schema.js":{"path":"/Users/fs/Desktop/WebPanelAdministracionBack/validation/purchase_schema.js","s":{"1":1,"2":1},"b":{},"f":{},"fnMap":{},"statementMap":{"1":{"start":{"line":1,"column":0},"end":{"line":1,"column":27}},"2":{"start":{"line":3,"column":0},"end":{"line":10,"column":1}}},"branchMap":{}},"/Users/fs/Desktop/WebPanelAdministracionBack/validation/schedule_schema.js":{"path":"/Users/fs/Desktop/WebPanelAdministracionBack/validation/schedule_schema.js","s":{"1":1,"2":1},"b":{},"f":{},"fnMap":{},"statementMap":{"1":{"start":{"line":1,"column":0},"end":{"line":1,"column":27}},"2":{"start":{"line":3,"column":0},"end":{"line":8,"column":1}}},"branchMap":{}},"/Users/fs/Desktop/WebPanelAdministracionBack/validation/ticket_schema.js":{"path":"/Users/fs/Desktop/WebPanelAdministracionBack/validation/ticket_schema.js","s":{"1":1,"2":1},"b":{},"f":{},"fnMap":{},"statementMap":{"1":{"start":{"line":1,"column":0},"end":{"line":1,"column":27}},"2":{"start":{"line":3,"column":0},"end":{"line":14,"column":1}}},"branchMap":{}},"/Users/fs/Desktop/WebPanelAdministracionBack/validation/ticket_type_schema.js":{"path":"/Users/fs/Desktop/WebPanelAdministracionBack/validation/ticket_type_schema.js","s":{"1":1,"2":1},"b":{},"f":{},"fnMap":{},"statementMap":{"1":{"start":{"line":1,"column":0},"end":{"line":1,"column":27}},"2":{"start":{"line":3,"column":0},"end":{"line":7,"column":1}}},"branchMap":{}},"/Users/fs/Desktop/WebPanelAdministracionBack/validation/tour_schema.js":{"path":"/Users/fs/Desktop/WebPanelAdministracionBack/validation/tour_schema.js","s":{"1":1,"2":1},"b":{},"f":{},"fnMap":{},"statementMap":{"1":{"start":{"line":1,"column":0},"end":{"line":1,"column":27}},"2":{"start":{"line":3,"column":0},"end":{"line":9,"column":1}}},"branchMap":{}},"/Users/fs/Desktop/WebPanelAdministracionBack/validation/tour_place_schema.js":{"path":"/Users/fs/Desktop/WebPanelAdministracionBack/validation/tour_place_schema.js","s":{"1":1,"2":1},"b":{},"f":{},"fnMap":{},"statementMap":{"1":{"start":{"line":1,"column":0},"end":{"line":1,"column":27}},"2":{"start":{"line":3,"column":0},"end":{"line":8,"column":1}}},"branchMap":{}},"/Users/fs/Desktop/WebPanelAdministracionBack/validation/tour_schedule_schema.js":{"path":"/Users/fs/Desktop/WebPanelAdministracionBack/validation/tour_schedule_schema.js","s":{"1":1,"2":1},"b":{},"f":{},"fnMap":{},"statementMap":{"1":{"start":{"line":1,"column":0},"end":{"line":1,"column":27}},"2":{"start":{"line":3,"column":0},"end":{"line":8,"column":1}}},"branchMap":{}},"/Users/fs/Desktop/WebPanelAdministracionBack/validation/tour_stop_schema.js":{"path":"/Users/fs/Desktop/WebPanelAdministracionBack/validation/tour_stop_schema.js","s":{"1":1,"2":1},"b":{},"f":{},"fnMap":{},"statementMap":{"1":{"start":{"line":1,"column":0},"end":{"line":1,"column":27}},"2":{"start":{"line":3,"column":0},"end":{"line":8,"column":1}}},"branchMap":{}},"/Users/fs/Desktop/WebPanelAdministracionBack/validation/user_schema.js":{"path":"/Users/fs/Desktop/WebPanelAdministracionBack/validation/user_schema.js","s":{"1":1,"2":1},"b":{},"f":{},"fnMap":{},"statementMap":{"1":{"start":{"line":1,"column":0},"end":{"line":1,"column":27}},"2":{"start":{"line":3,"column":0},"end":{"line":14,"column":1}}},"branchMap":{}},"/Users/fs/Desktop/WebPanelAdministracionBack/validation/stop_schema.js":{"path":"/Users/fs/Desktop/WebPanelAdministracionBack/validation/stop_schema.js","s":{"1":1,"2":1},"b":{},"f":{},"fnMap":{},"statementMap":{"1":{"start":{"line":1,"column":0},"end":{"line":1,"column":27}},"2":{"start":{"line":3,"column":0},"end":{"line":10,"column":1}}},"branchMap":{}}}