TN:
SF:/Users/fs/Desktop/WebPanelAdministracionBack/validation/activated_at_schema.js
FNF:0
FNH:0
DA:1,1
DA:3,1
LF:2
LH:2
BRF:0
BRH:0
end_of_record
TN:
SF:/Users/fs/Desktop/WebPanelAdministracionBack/validation/bracelet_schema.js
FNF:0
FNH:0
DA:1,1
DA:3,1
LF:2
LH:2
BRF:0
BRH:0
end_of_record
TN:
SF:/Users/fs/Desktop/WebPanelAdministracionBack/validation/bus_schema.js
FNF:0
FNH:0
DA:1,1
DA:3,1
LF:2
LH:2
BRF:0
BRH:0
end_of_record
TN:
SF:/Users/fs/Desktop/WebPanelAdministracionBack/validation/company_schema.js
FNF:0
FNH:0
DA:1,1
DA:3,1
LF:2
LH:2
BRF:0
BRH:0
end_of_record
TN:
SF:/Users/fs/Desktop/WebPanelAdministracionBack/validation/date_interval_schema.js
FNF:0
FNH:0
DA:1,1
DA:3,1
LF:2
LH:2
BRF:0
BRH:0
end_of_record
TN:
SF:/Users/fs/Desktop/WebPanelAdministracionBack/validation/hour_interval_schema.js
FNF:0
FNH:0
DA:1,1
DA:3,1
LF:2
LH:2
BRF:0
BRH:0
end_of_record
TN:
SF:/Users/fs/Desktop/WebPanelAdministracionBack/validation/image_schema.js
FNF:0
FNH:0
DA:1,1
DA:3,1
LF:2
LH:2
BRF:0
BRH:0
end_of_record
TN:
SF:/Users/fs/Desktop/WebPanelAdministracionBack/validation/narrative_schema.js
FNF:0
FNH:0
DA:1,1
DA:3,1
LF:2
LH:2
BRF:0
BRH:0
end_of_record
TN:
SF:/Users/fs/Desktop/WebPanelAdministracionBack/validation/place_schema.js
FNF:0
FNH:0
DA:1,1
DA:3,1
LF:2
LH:2
BRF:0
BRH:0
end_of_record
TN:
SF:/Users/fs/Desktop/WebPanelAdministracionBack/validation/place_image_schema.js
FNF:0
FNH:0
DA:1,1
DA:3,1
LF:2
LH:2
BRF:0
BRH:0
end_of_record
TN:
SF:/Users/fs/Desktop/WebPanelAdministracionBack/validation/place_type_schema.js
FNF:0
FNH:0
DA:1,1
DA:3,1
LF:2
LH:2
BRF:0
BRH:0
end_of_record
TN:
SF:/Users/fs/Desktop/WebPanelAdministracionBack/validation/price_schema.js
FNF:0
FNH:0
DA:1,1
DA:3,1
LF:2
LH:2
BRF:0
BRH:0
end_of_record
TN:
SF:/Users/fs/Desktop/WebPanelAdministracionBack/validation/purchase_schema.js
FNF:0
FNH:0
DA:1,1
DA:3,1
LF:2
LH:2
BRF:0
BRH:0
end_of_record
TN:
SF:/Users/fs/Desktop/WebPanelAdministracionBack/validation/schedule_schema.js
FNF:0
FNH:0
DA:1,1
DA:3,1
LF:2
LH:2
BRF:0
BRH:0
end_of_record
TN:
SF:/Users/fs/Desktop/WebPanelAdministracionBack/validation/ticket_schema.js
FNF:0
FNH:0
DA:1,1
DA:3,1
LF:2
LH:2
BRF:0
BRH:0
end_of_record
TN:
SF:/Users/fs/Desktop/WebPanelAdministracionBack/validation/ticket_type_schema.js
FNF:0
FNH:0
DA:1,1
DA:3,1
LF:2
LH:2
BRF:0
BRH:0
end_of_record
TN:
SF:/Users/fs/Desktop/WebPanelAdministracionBack/validation/tour_schema.js
FNF:0
FNH:0
DA:1,1
DA:3,1
LF:2
LH:2
BRF:0
BRH:0
end_of_record
TN:
SF:/Users/fs/Desktop/WebPanelAdministracionBack/validation/tour_place_schema.js
FNF:0
FNH:0
DA:1,1
DA:3,1
LF:2
LH:2
BRF:0
BRH:0
end_of_record
TN:
SF:/Users/fs/Desktop/WebPanelAdministracionBack/validation/tour_schedule_schema.js
FNF:0
FNH:0
DA:1,1
DA:3,1
LF:2
LH:2
BRF:0
BRH:0
end_of_record
TN:
SF:/Users/fs/Desktop/WebPanelAdministracionBack/validation/tour_stop_schema.js
FNF:0
FNH:0
DA:1,1
DA:3,1
LF:2
LH:2
BRF:0
BRH:0
end_of_record
TN:
SF:/Users/fs/Desktop/WebPanelAdministracionBack/validation/user_schema.js
FNF:0
FNH:0
DA:1,1
DA:3,1
LF:2
LH:2
BRF:0
BRH:0
end_of_record
TN:
SF:/Users/fs/Desktop/WebPanelAdministracionBack/validation/stop_schema.js
FNF:0
FNH:0
DA:1,1
DA:3,1
LF:2
LH:2
BRF:0
BRH:0
end_of_record
